                                                                                                                        
>>>>>>>>>>>>>>>>>>>>>>>>>>>>>>>>>>>>>>>>>>>>>>>>>>>>>>>>>>>>>>>>>>>>>>>>>>>>>>>>>>>>>>>>>>>>>>>>>>>>>>>>>>>>>>>>>>>>>>>>
2024-04-12 13:29:20,099 - INFO - START predicting_lung_cancer =============================================
2024-04-12 13:29:20,099 - INFO - START predicting_lung_cancer Start Time = 2024-04-12 13:29:20
2024-04-12 13:29:20,099 - INFO - predicting_lung_cancer Step 0 - Initialize the configuration file parser
2024-04-12 13:29:20,100 - INFO - Process predicting_lung_cancer Step 0 - Initializing and starting Logging Process.
2024-04-12 13:29:20,119 - INFO - Process predicting_lung_cancer Step 1  - Read in Sample Data Set .
2024-04-12 13:29:20,320 - INFO - Process predicting_lung_cancer Step 2.2  - Data Cleansing - Remove duplicates.
2024-04-12 13:29:20,560 - INFO - Process predicting_lung_cancer Step 5 - Plot all independent variables relationship to target variable
2024-04-12 13:29:22,473 - INFO - Process predicting_lung_cancer Step 7 - Drop the columns that dont help the analysis
2024-04-12 13:29:22,960 - INFO - Process predicting_lung_cancer Step 5 - Plot all independent variables relationship to target variable
2024-04-12 13:29:22,984 - INFO - Process predicting_lung_cancer Step 8 - Feature Engineering
2024-04-12 13:29:28,077 - INFO - Process predicting_lung_cancer Machine Learning Model  - Logistic Regression
2024-04-12 13:29:28,199 - INFO - Process predicting_lung_cancer Machine Learning Model  - Decision Tree
2024-04-12 13:29:28,280 - INFO - Process predicting_lung_cancer Machine Learning Model  - K Nearest Neighbor
2024-04-12 13:29:28,360 - INFO - Process predicting_lung_cancer Machine Learning Model  - Gaussian Naive Bayes
2024-04-12 13:29:28,407 - INFO - Process predicting_lung_cancer Machine Learning Model  - Multinomial Naive Bayes
2024-04-12 13:29:28,453 - INFO - Process predicting_lung_cancer Machine Learning Model  - Support Vector Classifier
2024-04-12 13:29:28,642 - INFO - Process predicting_lung_cancer Machine Learning Model  - Random Forest
2024-04-12 13:29:44,147 - INFO - Process predicting_lung_cancer Machine Learning Model  - Multi-layer Perceptron classifier
2024-04-12 13:29:44,241 - INFO - Process predicting_lung_cancer Machine Learning Model  - Gradient Boosting
2024-04-12 13:29:47,912 - INFO - Process predicting_lung_cancer  K-fold Cross Validation 
2024-04-12 13:31:18,776 - INFO - PERFORMANCE predicting_lung_cancer The total process duration was:118.68
2024-04-12 13:31:18,777 - INFO - PERFORMANCE predicting_lung_cancer Stop Time = 2024-04-12 13:31:18
2024-04-12 13:31:18,777 - INFO - PERFORMANCE predicting_lung_cancer Low process duration less than 3 minutes:118.68
2024-04-12 13:31:18,777 - INFO - PERFORMANCE predicting_lung_cancer Performance optimization is optional
2024-04-12 13:31:18,777 - INFO - END predicting_lung_cancer =============================================

<<<<<<<<<<<<<<<<<<<<<<<<<<<<<<<<<<<<<<<<<<<<<<<<<<<<<<<<<<<<<<<<<<<<<<<<<<<<<<<<<<<<<<<<<<<<<<<<<<<<<<<<<<<<<<<<<<<<<<<<
                                                                                                                        
                                                                                                                        
>>>>>>>>>>>>>>>>>>>>>>>>>>>>>>>>>>>>>>>>>>>>>>>>>>>>>>>>>>>>>>>>>>>>>>>>>>>>>>>>>>>>>>>>>>>>>>>>>>>>>>>>>>>>>>>>>>>>>>>>
2024-04-12 13:31:38,527 - INFO - START predicting_lung_cancer =============================================
2024-04-12 13:31:38,527 - INFO - START predicting_lung_cancer Start Time = 2024-04-12 13:31:38
2024-04-12 13:31:38,527 - INFO - predicting_lung_cancer Step 0 - Initialize the configuration file parser
2024-04-12 13:31:38,528 - INFO - Process predicting_lung_cancer Step 0 - Initializing and starting Logging Process.
2024-04-12 13:31:38,551 - INFO - Process predicting_lung_cancer Step 1  - Read in Sample Data Set .
2024-04-12 13:31:38,765 - INFO - Process predicting_lung_cancer Step 2.2  - Data Cleansing - Remove duplicates.
2024-04-12 13:31:39,012 - INFO - Process predicting_lung_cancer Step 5 - Plot all independent variables relationship to target variable
2024-04-12 13:31:40,781 - INFO - Process predicting_lung_cancer Step 7 - Drop the columns that dont help the analysis
2024-04-12 13:31:41,216 - INFO - Process predicting_lung_cancer Step 5 - Plot all independent variables relationship to target variable
2024-04-12 13:31:41,235 - INFO - Process predicting_lung_cancer Step 8 - Feature Engineering
2024-04-12 13:31:46,012 - INFO - Process predicting_lung_cancer Machine Learning Model  - Logistic Regression
2024-04-12 13:31:46,134 - INFO - Process predicting_lung_cancer Machine Learning Model  - Decision Tree
2024-04-12 13:31:46,212 - INFO - Process predicting_lung_cancer Machine Learning Model  - K Nearest Neighbor
2024-04-12 13:31:46,292 - INFO - Process predicting_lung_cancer Machine Learning Model  - Gaussian Naive Bayes
2024-04-12 13:31:46,338 - INFO - Process predicting_lung_cancer Machine Learning Model  - Multinomial Naive Bayes
2024-04-12 13:31:46,385 - INFO - Process predicting_lung_cancer Machine Learning Model  - Support Vector Classifier
2024-04-12 13:31:46,560 - INFO - Process predicting_lung_cancer Machine Learning Model  - Random Forest
2024-04-12 13:31:46,852 - INFO - Process predicting_lung_cancer Machine Learning Model  - Multi-layer Perceptron classifier
2024-04-12 13:31:46,946 - INFO - Process predicting_lung_cancer Machine Learning Model  - Gradient Boosting
2024-04-12 13:31:50,760 - INFO - Process predicting_lung_cancer  K-fold Cross Validation 
2024-04-12 13:31:54,364 - INFO - PERFORMANCE predicting_lung_cancer The total process duration was:15.84
2024-04-12 13:31:54,364 - INFO - PERFORMANCE predicting_lung_cancer Stop Time = 2024-04-12 13:31:54
2024-04-12 13:31:54,364 - INFO - PERFORMANCE predicting_lung_cancer Low process duration less than 3 minutes:15.84
2024-04-12 13:31:54,364 - INFO - PERFORMANCE predicting_lung_cancer Performance optimization is optional
2024-04-12 13:31:54,364 - INFO - END predicting_lung_cancer =============================================

<<<<<<<<<<<<<<<<<<<<<<<<<<<<<<<<<<<<<<<<<<<<<<<<<<<<<<<<<<<<<<<<<<<<<<<<<<<<<<<<<<<<<<<<<<<<<<<<<<<<<<<<<<<<<<<<<<<<<<<<
                                                                                                                        
                                                                                                                        
>>>>>>>>>>>>>>>>>>>>>>>>>>>>>>>>>>>>>>>>>>>>>>>>>>>>>>>>>>>>>>>>>>>>>>>>>>>>>>>>>>>>>>>>>>>>>>>>>>>>>>>>>>>>>>>>>>>>>>>>
2024-10-28 21:48:16,063 - INFO - START predicting_lung_cancer =============================================
2024-10-28 21:48:16,063 - INFO - START predicting_lung_cancer Start Time = 2024-10-28 21:48:16
2024-10-28 21:48:16,063 - INFO - predicting_lung_cancer Step 0 - Initialize the configuration file parser
2024-10-28 21:48:16,064 - INFO - Process predicting_lung_cancer Step 0 - Initializing and starting Logging Process.
2024-10-28 21:48:16,090 - INFO - Process predicting_lung_cancer Step 1  - Read in Sample Data Set .
2024-10-28 21:48:16,412 - INFO - Process predicting_lung_cancer Step 2.2  - Data Cleansing - Remove duplicates.
2024-10-28 21:48:16,801 - INFO - Process predicting_lung_cancer Step 5 - Plot all independent variables relationship to target variable
2024-10-28 21:48:19,244 - INFO - Process predicting_lung_cancer Step 7 - Drop the columns that dont help the analysis
2024-10-28 21:48:19,831 - INFO - Process predicting_lung_cancer Step 5 - Plot all independent variables relationship to target variable
2024-10-28 21:48:19,858 - INFO - Process predicting_lung_cancer Step 8 - Feature Engineering
2024-10-28 21:48:26,347 - INFO - Process predicting_lung_cancer Machine Learning Model  - Logistic Regression
2024-10-28 21:48:26,504 - INFO - Process predicting_lung_cancer Machine Learning Model  - Decision Tree
2024-10-28 21:48:26,613 - INFO - Process predicting_lung_cancer Machine Learning Model  - K Nearest Neighbor
2024-10-28 21:48:26,696 - INFO - Process predicting_lung_cancer Machine Learning Model  - Gaussian Naive Bayes
2024-10-28 21:48:26,745 - INFO - Process predicting_lung_cancer Machine Learning Model  - Multinomial Naive Bayes
2024-10-28 21:48:26,819 - INFO - Process predicting_lung_cancer Machine Learning Model  - Support Vector Classifier
2024-10-28 21:48:27,020 - INFO - Process predicting_lung_cancer Machine Learning Model  - Random Forest
2024-10-28 21:48:27,359 - INFO - Process predicting_lung_cancer Machine Learning Model  - Multi-layer Perceptron classifier
2024-10-28 21:48:27,452 - INFO - Process predicting_lung_cancer Machine Learning Model  - Gradient Boosting
2024-10-28 21:48:31,778 - INFO - Process predicting_lung_cancer  K-fold Cross Validation 
2024-10-28 21:48:35,973 - INFO - PERFORMANCE predicting_lung_cancer The total process duration was:19.91
2024-10-28 21:48:35,973 - INFO - PERFORMANCE predicting_lung_cancer Stop Time = 2024-10-28 21:48:35
2024-10-28 21:48:35,974 - INFO - PERFORMANCE predicting_lung_cancer Low process duration less than 3 minutes:19.91
2024-10-28 21:48:35,974 - INFO - PERFORMANCE predicting_lung_cancer Performance optimization is optional
2024-10-28 21:48:35,974 - INFO - END predicting_lung_cancer =============================================

<<<<<<<<<<<<<<<<<<<<<<<<<<<<<<<<<<<<<<<<<<<<<<<<<<<<<<<<<<<<<<<<<<<<<<<<<<<<<<<<<<<<<<<<<<<<<<<<<<<<<<<<<<<<<<<<<<<<<<<<
                                                                                                                        
                                                                                                                        
>>>>>>>>>>>>>>>>>>>>>>>>>>>>>>>>>>>>>>>>>>>>>>>>>>>>>>>>>>>>>>>>>>>>>>>>>>>>>>>>>>>>>>>>>>>>>>>>>>>>>>>>>>>>>>>>>>>>>>>>
2025-05-06 22:51:51,642 - INFO - START predicting_lung_cancer =============================================
2025-05-06 22:51:51,642 - INFO - START predicting_lung_cancer Start Time = 2025-05-06 22:51:51
2025-05-06 22:51:51,642 - INFO - predicting_lung_cancer Step 0 - Initialize the configuration file parser
2025-05-06 22:51:51,642 - INFO - Process predicting_lung_cancer Step 0 - Initializing and starting Logging Process.
2025-05-06 22:51:51,669 - INFO - Process predicting_lung_cancer Step 1  - Read in Sample Data Set .
2025-05-06 22:51:51,889 - INFO - Process predicting_lung_cancer Step 2.2  - Data Cleansing - Remove duplicates.
2025-05-06 22:51:52,047 - INFO - Using categorical units to plot a list of strings that are all parsable as floats or dates. If these strings should be plotted as numbers, cast to the appropriate data type before plotting.
2025-05-06 22:51:52,063 - INFO - Using categorical units to plot a list of strings that are all parsable as floats or dates. If these strings should be plotted as numbers, cast to the appropriate data type before plotting.
2025-05-06 22:51:52,218 - INFO - Process predicting_lung_cancer Step 5 - Plot all independent variables relationship to target variable
2025-05-06 22:51:54,634 - INFO - Process predicting_lung_cancer Step 7 - Drop the columns that dont help the analysis
2025-05-06 22:51:55,161 - INFO - Process predicting_lung_cancer Step 5 - Plot all independent variables relationship to target variable
2025-05-06 22:51:55,183 - INFO - Process predicting_lung_cancer Step 8 - Feature Engineering
2025-05-06 22:51:58,848 - INFO - Process predicting_lung_cancer Machine Learning Model  - Logistic Regression
2025-05-06 22:51:59,077 - INFO - Process predicting_lung_cancer Machine Learning Model  - Decision Tree
2025-05-06 22:51:59,187 - INFO - Process predicting_lung_cancer Machine Learning Model  - K Nearest Neighbor
2025-05-06 22:51:59,300 - INFO - Process predicting_lung_cancer Machine Learning Model  - Gaussian Naive Bayes
2025-05-06 22:51:59,350 - INFO - Process predicting_lung_cancer Machine Learning Model  - Multinomial Naive Bayes
2025-05-06 22:51:59,395 - INFO - Process predicting_lung_cancer Machine Learning Model  - Support Vector Classifier
2025-05-06 22:51:59,662 - INFO - Process predicting_lung_cancer Machine Learning Model  - Random Forest
2025-05-06 22:52:00,102 - INFO - Process predicting_lung_cancer Machine Learning Model  - Multi-layer Perceptron classifier
2025-05-06 22:52:00,417 - INFO - Process predicting_lung_cancer Machine Learning Model  - Gradient Boosting
2025-05-06 22:52:05,444 - INFO - Process predicting_lung_cancer  K-fold Cross Validation 
2025-05-06 22:52:10,302 - INFO - PERFORMANCE predicting_lung_cancer The total process duration was:18.66
2025-05-06 22:52:10,303 - INFO - PERFORMANCE predicting_lung_cancer Stop Time = 2025-05-06 22:52:10
2025-05-06 22:52:10,303 - INFO - PERFORMANCE predicting_lung_cancer Low process duration less than 3 minutes:18.66
2025-05-06 22:52:10,303 - INFO - PERFORMANCE predicting_lung_cancer Performance optimization is optional
2025-05-06 22:52:10,303 - INFO - END predicting_lung_cancer =============================================

<<<<<<<<<<<<<<<<<<<<<<<<<<<<<<<<<<<<<<<<<<<<<<<<<<<<<<<<<<<<<<<<<<<<<<<<<<<<<<<<<<<<<<<<<<<<<<<<<<<<<<<<<<<<<<<<<<<<<<<<
                                                                                                                        
                                                                                                                        
>>>>>>>>>>>>>>>>>>>>>>>>>>>>>>>>>>>>>>>>>>>>>>>>>>>>>>>>>>>>>>>>>>>>>>>>>>>>>>>>>>>>>>>>>>>>>>>>>>>>>>>>>>>>>>>>>>>>>>>>
2025-10-07 20:42:57,670 - INFO - START predicting_lung_cancer =============================================
2025-10-07 20:42:57,670 - INFO - START predicting_lung_cancer Start Time = 2025-10-07 20:42:57
2025-10-07 20:42:57,670 - INFO - predicting_lung_cancer Step 0 - Initialize the configuration file parser
2025-10-07 20:42:57,675 - INFO - Process predicting_lung_cancer Step 0 - Initializing and starting Logging Process.
2025-10-07 20:42:57,776 - INFO - Process predicting_lung_cancer Step 1  - Read in Sample Data Set .
2025-10-07 20:42:58,067 - INFO - Process predicting_lung_cancer Step 2.2  - Data Cleansing - Remove duplicates.
2025-10-07 20:42:58,250 - INFO - Using categorical units to plot a list of strings that are all parsable as floats or dates. If these strings should be plotted as numbers, cast to the appropriate data type before plotting.
2025-10-07 20:42:58,312 - INFO - Using categorical units to plot a list of strings that are all parsable as floats or dates. If these strings should be plotted as numbers, cast to the appropriate data type before plotting.
2025-10-07 20:42:58,563 - INFO - Process predicting_lung_cancer Step 5 - Plot all independent variables relationship to target variable
2025-10-07 20:43:00,924 - INFO - Process predicting_lung_cancer Step 7 - Drop the columns that dont help the analysis
2025-10-07 20:43:01,420 - INFO - Process predicting_lung_cancer Step 5 - Plot all independent variables relationship to target variable
2025-10-07 20:43:01,456 - INFO - Process predicting_lung_cancer Step 8 - Feature Engineering
2025-10-07 20:43:05,708 - INFO - Process predicting_lung_cancer Machine Learning Model  - Logistic Regression
2025-10-07 20:43:06,118 - INFO - Process predicting_lung_cancer Machine Learning Model  - Decision Tree
2025-10-07 20:43:06,334 - INFO - Process predicting_lung_cancer Machine Learning Model  - K Nearest Neighbor
2025-10-07 20:43:06,453 - INFO - Process predicting_lung_cancer Machine Learning Model  - Gaussian Naive Bayes
2025-10-07 20:43:06,511 - INFO - Process predicting_lung_cancer Machine Learning Model  - Multinomial Naive Bayes
2025-10-07 20:43:06,574 - INFO - Process predicting_lung_cancer Machine Learning Model  - Support Vector Classifier
2025-10-07 20:43:06,983 - INFO - Process predicting_lung_cancer Machine Learning Model  - Random Forest
2025-10-07 20:43:07,355 - INFO - Process predicting_lung_cancer Machine Learning Model  - Multi-layer Perceptron classifier
2025-10-07 20:43:07,538 - INFO - Process predicting_lung_cancer Machine Learning Model  - Gradient Boosting
2025-10-07 20:43:12,685 - INFO - Process predicting_lung_cancer  K-fold Cross Validation 
2025-10-07 20:43:18,259 - INFO - PERFORMANCE predicting_lung_cancer The total process duration was:20.59
2025-10-07 20:43:18,259 - INFO - PERFORMANCE predicting_lung_cancer Stop Time = 2025-10-07 20:43:18
2025-10-07 20:43:18,259 - INFO - PERFORMANCE predicting_lung_cancer Low process duration less than 3 minutes:20.59
2025-10-07 20:43:18,259 - INFO - PERFORMANCE predicting_lung_cancer Performance optimization is optional
2025-10-07 20:43:18,259 - INFO - END predicting_lung_cancer =============================================

<<<<<<<<<<<<<<<<<<<<<<<<<<<<<<<<<<<<<<<<<<<<<<<<<<<<<<<<<<<<<<<<<<<<<<<<<<<<<<<<<<<<<<<<<<<<<<<<<<<<<<<<<<<<<<<<<<<<<<<<
                                                                                                                        
                                                                                                                        
>>>>>>>>>>>>>>>>>>>>>>>>>>>>>>>>>>>>>>>>>>>>>>>>>>>>>>>>>>>>>>>>>>>>>>>>>>>>>>>>>>>>>>>>>>>>>>>>>>>>>>>>>>>>>>>>>>>>>>>>
2025-11-03 20:16:16,738 - INFO - START predicting_lung_cancer =============================================
2025-11-03 20:16:16,739 - INFO - START predicting_lung_cancer Start Time = 2025-11-03 20:16:16
2025-11-03 20:16:16,739 - INFO - predicting_lung_cancer Step 0 - Initialize the configuration file parser
2025-11-03 20:16:16,740 - INFO - Process predicting_lung_cancer Step 0 - Initializing and starting Logging Process.
2025-11-03 20:16:16,786 - INFO - Process predicting_lung_cancer Step 1  - Read in Sample Data Set .
2025-11-03 20:16:17,078 - INFO - Process predicting_lung_cancer Step 2.2  - Data Cleansing - Remove duplicates.
2025-11-03 20:16:17,229 - INFO - Using categorical units to plot a list of strings that are all parsable as floats or dates. If these strings should be plotted as numbers, cast to the appropriate data type before plotting.
2025-11-03 20:16:17,249 - INFO - Using categorical units to plot a list of strings that are all parsable as floats or dates. If these strings should be plotted as numbers, cast to the appropriate data type before plotting.
2025-11-03 20:16:17,429 - INFO - Process predicting_lung_cancer Step 5 - Plot all independent variables relationship to target variable
2025-11-03 20:16:19,653 - INFO - Process predicting_lung_cancer Step 7 - Drop the columns that dont help the analysis
2025-11-03 20:16:20,271 - INFO - Process predicting_lung_cancer Step 5 - Plot all independent variables relationship to target variable
2025-11-03 20:16:20,288 - INFO - Process predicting_lung_cancer Step 8 - Feature Engineering
2025-11-03 20:16:26,327 - INFO - Process predicting_lung_cancer Machine Learning Model  - Logistic Regression
2025-11-03 20:16:26,712 - INFO - Process predicting_lung_cancer Machine Learning Model  - Decision Tree
2025-11-03 20:16:26,903 - INFO - Process predicting_lung_cancer Machine Learning Model  - K Nearest Neighbor
2025-11-03 20:16:27,027 - INFO - Process predicting_lung_cancer Machine Learning Model  - Gaussian Naive Bayes
2025-11-03 20:16:27,084 - INFO - Process predicting_lung_cancer Machine Learning Model  - Multinomial Naive Bayes
2025-11-03 20:16:27,139 - INFO - Process predicting_lung_cancer Machine Learning Model  - Support Vector Classifier
2025-11-03 20:16:27,542 - INFO - Process predicting_lung_cancer Machine Learning Model  - Random Forest
2025-11-03 20:16:27,982 - INFO - Process predicting_lung_cancer Machine Learning Model  - Multi-layer Perceptron classifier
2025-11-03 20:16:28,267 - INFO - Process predicting_lung_cancer Machine Learning Model  - Gradient Boosting
2025-11-03 20:16:33,168 - INFO - Process predicting_lung_cancer  K-fold Cross Validation 
2025-11-03 20:16:38,614 - INFO - PERFORMANCE predicting_lung_cancer The total process duration was:21.88
2025-11-03 20:16:38,614 - INFO - PERFORMANCE predicting_lung_cancer Stop Time = 2025-11-03 20:16:38
2025-11-03 20:16:38,614 - INFO - PERFORMANCE predicting_lung_cancer Low process duration less than 3 minutes:21.88
2025-11-03 20:16:38,614 - INFO - PERFORMANCE predicting_lung_cancer Performance optimization is optional
2025-11-03 20:16:38,614 - INFO - END predicting_lung_cancer =============================================

<<<<<<<<<<<<<<<<<<<<<<<<<<<<<<<<<<<<<<<<<<<<<<<<<<<<<<<<<<<<<<<<<<<<<<<<<<<<<<<<<<<<<<<<<<<<<<<<<<<<<<<<<<<<<<<<<<<<<<<<
                                                                                                                        
                                                                                                                        
>>>>>>>>>>>>>>>>>>>>>>>>>>>>>>>>>>>>>>>>>>>>>>>>>>>>>>>>>>>>>>>>>>>>>>>>>>>>>>>>>>>>>>>>>>>>>>>>>>>>>>>>>>>>>>>>>>>>>>>>
2025-11-03 21:18:35,356 - INFO - START predicting_lung_cancer =============================================
2025-11-03 21:18:35,356 - INFO - START predicting_lung_cancer Start Time = 2025-11-03 21:18:35
2025-11-03 21:18:35,357 - INFO - predicting_lung_cancer Step 0 - Initialize the configuration file parser
2025-11-03 21:18:35,358 - INFO - Process predicting_lung_cancer Step 0 - Initializing and starting Logging Process.
2025-11-03 21:18:35,392 - INFO - Process predicting_lung_cancer Step 1  - Read in Sample Data Set .
2025-11-03 21:18:35,606 - INFO - Process predicting_lung_cancer Step 2.2  - Data Cleansing - Remove duplicates.
2025-11-03 21:18:35,861 - INFO - Using categorical units to plot a list of strings that are all parsable as floats or dates. If these strings should be plotted as numbers, cast to the appropriate data type before plotting.
2025-11-03 21:18:35,879 - INFO - Using categorical units to plot a list of strings that are all parsable as floats or dates. If these strings should be plotted as numbers, cast to the appropriate data type before plotting.
2025-11-03 21:18:36,148 - INFO - Process predicting_lung_cancer Step 5 - Plot all independent variables relationship to target variable
2025-11-03 21:18:38,273 - INFO - Process predicting_lung_cancer Step 7 - Drop the columns that dont help the analysis
2025-11-03 21:18:38,956 - INFO - Process predicting_lung_cancer Step 5 - Plot all independent variables relationship to target variable
2025-11-03 21:18:38,984 - INFO - Process predicting_lung_cancer Step 8 - Feature Engineering
2025-11-03 21:18:43,008 - INFO - Process predicting_lung_cancer Machine Learning Model  - Logistic Regression
2025-11-03 21:18:43,212 - INFO - Process predicting_lung_cancer Machine Learning Model  - Decision Tree
2025-11-03 21:18:43,327 - INFO - Process predicting_lung_cancer Machine Learning Model  - K Nearest Neighbor
2025-11-03 21:18:43,433 - INFO - Process predicting_lung_cancer Machine Learning Model  - Gaussian Naive Bayes
2025-11-03 21:18:43,488 - INFO - Process predicting_lung_cancer Machine Learning Model  - Multinomial Naive Bayes
2025-11-03 21:18:43,540 - INFO - Process predicting_lung_cancer Machine Learning Model  - Support Vector Classifier
2025-11-03 21:18:43,855 - INFO - Process predicting_lung_cancer Machine Learning Model  - Random Forest
2025-11-03 21:18:44,193 - INFO - Process predicting_lung_cancer Machine Learning Model  - XGBoost
2025-11-03 21:18:44,572 - INFO - Process predicting_lung_cancer Machine Learning Model  - Multi-layer Perceptron classifier
2025-11-03 21:18:44,863 - INFO - Process predicting_lung_cancer Machine Learning Model  - Gradient Boosting
2025-11-03 21:18:50,286 - INFO - Process predicting_lung_cancer  K-fold Cross Validation 
2025-11-03 21:18:55,947 - INFO - PERFORMANCE predicting_lung_cancer The total process duration was:20.59
2025-11-03 21:18:55,947 - INFO - PERFORMANCE predicting_lung_cancer Stop Time = 2025-11-03 21:18:55
2025-11-03 21:18:55,947 - INFO - PERFORMANCE predicting_lung_cancer Low process duration less than 3 minutes:20.59
2025-11-03 21:18:55,947 - INFO - PERFORMANCE predicting_lung_cancer Performance optimization is optional
2025-11-03 21:18:55,947 - INFO - END predicting_lung_cancer =============================================

<<<<<<<<<<<<<<<<<<<<<<<<<<<<<<<<<<<<<<<<<<<<<<<<<<<<<<<<<<<<<<<<<<<<<<<<<<<<<<<<<<<<<<<<<<<<<<<<<<<<<<<<<<<<<<<<<<<<<<<<
                                                                                                                        
